══════════════════════
npx cdk deploy hosting-main-CloudFront-Hosting-Toolkit-test-main  --context config-path=/home/ec2-user/environment/CloudFront-Hosting-Toolkit-test/cloudfront-hosting-toolkit --require-approval never 


══════════════════════

Including dependency stacks: hosting-connection-CloudFront-Hosting-Toolkit-test-main-yumaru917
[Warning at /hosting-main-CloudFront-Hosting-Toolkit-test-main/Hosting/PipelineInfrastructure/MyPipeline] V1 pipeline type is implicitly selected when `pipelineType` is not set. If you want to use V2 type, set `PipelineType.V2`. [ack: @aws-cdk/aws-codepipeline:unspecifiedPipelineType]

✨  Synthesis time: 2.27s

current credentials could not be used to assume 'arn:aws:iam::425106470085:role/cdk-hnb659fds-deploy-role-425106470085-ap-northeast-1', but are for the right account. Proceeding anyway.
current credentials could not be used to assume 'arn:aws:iam::425106470085:role/cdk-hnb659fds-deploy-role-425106470085-ap-northeast-1', but are for the right account. Proceeding anyway.
current credentials could not be used to assume 'arn:aws:iam::425106470085:role/cdk-hnb659fds-deploy-role-425106470085-ap-northeast-1', but are for the right account. Proceeding anyway.
current credentials could not be used to assume 'arn:aws:iam::425106470085:role/cdk-hnb659fds-deploy-role-425106470085-ap-northeast-1', but are for the right account. Proceeding anyway.
current credentials could not be used to assume 'arn:aws:iam::425106470085:role/cdk-hnb659fds-deploy-role-425106470085-ap-northeast-1', but are for the right account. Proceeding anyway.
current credentials could not be used to assume 'arn:aws:iam::425106470085:role/cdk-hnb659fds-deploy-role-425106470085-ap-northeast-1', but are for the right account. Proceeding anyway.
current credentials could not be used to assume 'arn:aws:iam::425106470085:role/cdk-hnb659fds-deploy-role-425106470085-ap-northeast-1', but are for the right account. Proceeding anyway.
current credentials could not be used to assume 'arn:aws:iam::425106470085:role/cdk-hnb659fds-deploy-role-425106470085-ap-northeast-1', but are for the right account. Proceeding anyway.
hosting-connection-CloudFront-Hosting-Toolkit-test-main-yumaru917
hosting-connection-CloudFront-Hosting-Toolkit-test-main-yumaru917: deploying... [1/2]
hosting-main-CloudFront-Hosting-Toolkit-test-main:  start: Building 45addf12f31c53b107b38156ba97d70d79f7ce62b15d9d114b0f3c8b187fa52e:425106470085-ap-northeast-1
hosting-main-CloudFront-Hosting-Toolkit-test-main:  success: Built 45addf12f31c53b107b38156ba97d70d79f7ce62b15d9d114b0f3c8b187fa52e:425106470085-ap-northeast-1
hosting-main-CloudFront-Hosting-Toolkit-test-main:  start: Building 2767f42928b70c3d64260deadff7336e45dc0063707100243a479cb607712c39:425106470085-ap-northeast-1
hosting-main-CloudFront-Hosting-Toolkit-test-main:  success: Built 2767f42928b70c3d64260deadff7336e45dc0063707100243a479cb607712c39:425106470085-ap-northeast-1
hosting-main-CloudFront-Hosting-Toolkit-test-main:  start: Building 4e26bf2d0a26f2097fb2b261f22bb51e3f6b4b52635777b1e54edbd8e2d58c35:425106470085-ap-northeast-1
hosting-main-CloudFront-Hosting-Toolkit-test-main:  success: Built 4e26bf2d0a26f2097fb2b261f22bb51e3f6b4b52635777b1e54edbd8e2d58c35:425106470085-ap-northeast-1
hosting-main-CloudFront-Hosting-Toolkit-test-main:  start: Building ab5ef57228ed71e3445aa816e4d4b1d420b2d4da162c96add8c9cd17f72f57f3:425106470085-ap-northeast-1
hosting-main-CloudFront-Hosting-Toolkit-test-main:  success: Built ab5ef57228ed71e3445aa816e4d4b1d420b2d4da162c96add8c9cd17f72f57f3:425106470085-ap-northeast-1
hosting-main-CloudFront-Hosting-Toolkit-test-main:  start: Building cfe4d0f0adac1aa002d220801786009e5c2259f13b92bccb6b50e333da80b4ae:425106470085-ap-northeast-1
hosting-main-CloudFront-Hosting-Toolkit-test-main:  success: Built cfe4d0f0adac1aa002d220801786009e5c2259f13b92bccb6b50e333da80b4ae:425106470085-ap-northeast-1
hosting-main-CloudFront-Hosting-Toolkit-test-main:  start: Building ef102c4ca83be4c710006a3541c56d4ef0b021d3796b4f59bf2acd0e99966708:425106470085-ap-northeast-1
hosting-main-CloudFront-Hosting-Toolkit-test-main:  success: Built ef102c4ca83be4c710006a3541c56d4ef0b021d3796b4f59bf2acd0e99966708:425106470085-ap-northeast-1

 ✅  hosting-connection-CloudFront-Hosting-Toolkit-test-main-yumaru917 (no changes)

✨  Deployment time: 0.17s

Outputs:
hosting-connection-CloudFront-Hosting-Toolkit-test-main-yumaru917.ExportsOutputFnGetAttRepositoryConnectionMyCfnConnectionCloudFrontHostingToolkittestFCE25482ConnectionArn279786FF = arn:aws:codestar-connections:ap-northeast-1:425106470085:connection/7243977f-8387-426c-8e4c-d91f748620c3
hosting-connection-CloudFront-Hosting-Toolkit-test-main-yumaru917.RepositoryConnectionConnectionArn087CB8E2 = arn:aws:codestar-connections:ap-northeast-1:425106470085:connection/7243977f-8387-426c-8e4c-d91f748620c3
hosting-connection-CloudFront-Hosting-Toolkit-test-main-yumaru917.RepositoryConnectionConnectionNameFD2EABB9 = CloudFront-Hosting-Toolkit-test-
hosting-connection-CloudFront-Hosting-Toolkit-test-main-yumaru917.RepositoryConnectionHostingRegion1B4A18AD = ap-northeast-1
Stack ARN:

✨  Total time: 2.44s

arn:aws:cloudformation:ap-northeast-1:425106470085:stack/hosting-connection-CloudFront-Hosting-Toolkit-test-main-yumaru917/de9197d0-44ce-11ef-ad78-06faa83eca75
hosting-main-CloudFront-Hosting-Toolkit-test-main:  start: Publishing 45addf12f31c53b107b38156ba97d70d79f7ce62b15d9d114b0f3c8b187fa52e:425106470085-ap-northeast-1
hosting-main-CloudFront-Hosting-Toolkit-test-main:  start: Publishing 2767f42928b70c3d64260deadff7336e45dc0063707100243a479cb607712c39:425106470085-ap-northeast-1
hosting-main-CloudFront-Hosting-Toolkit-test-main:  start: Publishing 4e26bf2d0a26f2097fb2b261f22bb51e3f6b4b52635777b1e54edbd8e2d58c35:425106470085-ap-northeast-1
hosting-main-CloudFront-Hosting-Toolkit-test-main:  start: Publishing ab5ef57228ed71e3445aa816e4d4b1d420b2d4da162c96add8c9cd17f72f57f3:425106470085-ap-northeast-1
hosting-main-CloudFront-Hosting-Toolkit-test-main:  start: Publishing cfe4d0f0adac1aa002d220801786009e5c2259f13b92bccb6b50e333da80b4ae:425106470085-ap-northeast-1
hosting-main-CloudFront-Hosting-Toolkit-test-main:  start: Publishing ef102c4ca83be4c710006a3541c56d4ef0b021d3796b4f59bf2acd0e99966708:425106470085-ap-northeast-1
current credentials could not be used to assume 'arn:aws:iam::425106470085:role/cdk-hnb659fds-file-publishing-role-425106470085-ap-northeast-1', but are for the right account. Proceeding anyway.
current credentials could not be used to assume 'arn:aws:iam::425106470085:role/cdk-hnb659fds-file-publishing-role-425106470085-ap-northeast-1', but are for the right account. Proceeding anyway.
current credentials could not be used to assume 'arn:aws:iam::425106470085:role/cdk-hnb659fds-file-publishing-role-425106470085-ap-northeast-1', but are for the right account. Proceeding anyway.
current credentials could not be used to assume 'arn:aws:iam::425106470085:role/cdk-hnb659fds-file-publishing-role-425106470085-ap-northeast-1', but are for the right account. Proceeding anyway.
current credentials could not be used to assume 'arn:aws:iam::425106470085:role/cdk-hnb659fds-file-publishing-role-425106470085-ap-northeast-1', but are for the right account. Proceeding anyway.
current credentials could not be used to assume 'arn:aws:iam::425106470085:role/cdk-hnb659fds-file-publishing-role-425106470085-ap-northeast-1', but are for the right account. Proceeding anyway.
hosting-main-CloudFront-Hosting-Toolkit-test-main:  success: Published ab5ef57228ed71e3445aa816e4d4b1d420b2d4da162c96add8c9cd17f72f57f3:425106470085-ap-northeast-1
hosting-main-CloudFront-Hosting-Toolkit-test-main:  success: Published 4e26bf2d0a26f2097fb2b261f22bb51e3f6b4b52635777b1e54edbd8e2d58c35:425106470085-ap-northeast-1
hosting-main-CloudFront-Hosting-Toolkit-test-main:  success: Published ef102c4ca83be4c710006a3541c56d4ef0b021d3796b4f59bf2acd0e99966708:425106470085-ap-northeast-1
hosting-main-CloudFront-Hosting-Toolkit-test-main:  success: Published cfe4d0f0adac1aa002d220801786009e5c2259f13b92bccb6b50e333da80b4ae:425106470085-ap-northeast-1
hosting-main-CloudFront-Hosting-Toolkit-test-main:  success: Published 2767f42928b70c3d64260deadff7336e45dc0063707100243a479cb607712c39:425106470085-ap-northeast-1
hosting-main-CloudFront-Hosting-Toolkit-test-main:  success: Published 45addf12f31c53b107b38156ba97d70d79f7ce62b15d9d114b0f3c8b187fa52e:425106470085-ap-northeast-1
hosting-main-CloudFront-Hosting-Toolkit-test-main
hosting-main-CloudFront-Hosting-Toolkit-test-main: deploying... [2/2]
hosting-main-CloudFront-Hosting-Toolkit-test-main: creating CloudFormation changeset...
hosting-main-CloudFront-Hosting-Toolkit-test-main |  0/51 | 6:28:38 AM | REVIEW_IN_PROGRESS   | AWS::CloudFormation::Stack             | hosting-main-CloudFront-Hosting-Toolkit-test-main User Initiated
hosting-main-CloudFront-Hosting-Toolkit-test-main |  0/51 | 6:28:49 AM | CREATE_IN_PROGRESS   | AWS::CloudFormation::Stack             | hosting-main-CloudFront-Hosting-Toolkit-test-main User Initiated
hosting-main-CloudFront-Hosting-Toolkit-test-main |  0/51 | 6:28:53 AM | CREATE_IN_PROGRESS   | AWS::Lambda::LayerVersion              | Hosting/PipelineInfrastructure/InitialPage/AwsCliLayer (HostingPipelineInfrastructureInitialPageAwsCliLayer9A51F97C) 
hosting-main-CloudFront-Hosting-Toolkit-test-main |  0/51 | 6:28:53 AM | CREATE_IN_PROGRESS   | AWS::CloudFront::CachePolicy           | Hosting/HostingInfrastructure/staticAssetsCachePolicy (HostingHostingInfrastructurestaticAssetsCachePolicy6B67ED12) 
hosting-main-CloudFront-Hosting-Toolkit-test-main |  0/51 | 6:28:53 AM | CREATE_IN_PROGRESS   | AWS::Logs::LogGroup                    | Hosting/PipelineInfrastructure/MyLogGroup (HostingPipelineInfrastructureMyLogGroupF5049128) 
hosting-main-CloudFront-Hosting-Toolkit-test-main |  0/51 | 6:28:53 AM | CREATE_IN_PROGRESS   | AWS::S3::Bucket                        | Hosting/PipelineInfrastructure/ArtifactBucket (HostingPipelineInfrastructureArtifactBucket000BDB60) 
hosting-main-CloudFront-Hosting-Toolkit-test-main |  0/51 | 6:28:53 AM | CREATE_IN_PROGRESS   | AWS::CDK::Metadata                     | CDKMetadata/Default (CDKMetadata) 
hosting-main-CloudFront-Hosting-Toolkit-test-main |  0/51 | 6:28:53 AM | CREATE_IN_PROGRESS   | AWS::Lambda::LayerVersion              | Hosting/PipelineInfrastructure/UpdateCFF/AwsSdkLayer (HostingPipelineInfrastructureUpdateCFFAwsSdkLayerEA1E386E) 
hosting-main-CloudFront-Hosting-Toolkit-test-main |  0/51 | 6:28:53 AM | CREATE_IN_PROGRESS   | AWS::CloudFront::ResponseHeadersPolicy | Hosting/HostingInfrastructure/ResponseHeadersPolicy (HostingHostingInfrastructureResponseHeadersPolicy630F57EC) 
hosting-main-CloudFront-Hosting-Toolkit-test-main |  0/51 | 6:28:53 AM | CREATE_IN_PROGRESS   | AWS::Logs::LogGroup                    | Hosting/PipelineInfrastructure/UpdateCFF/sfnLog (HostingPipelineInfrastructureUpdateCFFsfnLog3A570214) 
hosting-main-CloudFront-Hosting-Toolkit-test-main |  0/51 | 6:28:53 AM | CREATE_IN_PROGRESS   | AWS::IAM::Role                         | Custom::CDKBucketDeployment8693BB64968944B69AAFB0CC9EB8756C/ServiceRole (CustomCDKBucketDeployment8693BB64968944B69AAFB0CC9EB8756CServiceRole89A01265) 
hosting-main-CloudFront-Hosting-Toolkit-test-main |  0/51 | 6:28:53 AM | CREATE_IN_PROGRESS   | AWS::IAM::Role                         | Hosting/PipelineInfrastructure/UpdateCFF/BasicLambdaRole (HostingPipelineInfrastructureUpdateCFFBasicLambdaRole6E5EC6AE) 
hosting-main-CloudFront-Hosting-Toolkit-test-main |  0/51 | 6:28:53 AM | CREATE_IN_PROGRESS   | AWS::CloudFront::KeyValueStore         | Hosting/UriStore (HostingUriStoreC5D8CAEE) 
hosting-main-CloudFront-Hosting-Toolkit-test-main |  0/51 | 6:28:53 AM | CREATE_IN_PROGRESS   | AWS::IAM::Role                         | Hosting/PipelineInfrastructure/Project/Role (HostingPipelineInfrastructureProjectRole0A86D4CE) 
hosting-main-CloudFront-Hosting-Toolkit-test-main |  0/51 | 6:28:53 AM | CREATE_IN_PROGRESS   | AWS::IAM::Role                         | LogRetentionaae0aa3c5b4d4f87b02d85b201efdd8a/ServiceRole (LogRetentionaae0aa3c5b4d4f87b02d85b201efdd8aServiceRole9741ECFB) 
hosting-main-CloudFront-Hosting-Toolkit-test-main |  0/51 | 6:28:53 AM | CREATE_IN_PROGRESS   | AWS::CloudFront::CachePolicy           | Hosting/HostingInfrastructure/ImagesCachePolicy (HostingHostingInfrastructureImagesCachePolicyFF009C20) 
hosting-main-CloudFront-Hosting-Toolkit-test-main |  0/51 | 6:28:53 AM | CREATE_IN_PROGRESS   | AWS::S3::Bucket                        | Hosting/HostingInfrastructure/HostingBucket (HostingHostingInfrastructureHostingBucketBB444313) 
hosting-main-CloudFront-Hosting-Toolkit-test-main |  0/51 | 6:28:53 AM | CREATE_IN_PROGRESS   | AWS::IAM::Role                         | Hosting/PipelineInfrastructure/UpdateCFF/StaticHostingSF/Role (HostingPipelineInfrastructureUpdateCFFStaticHostingSFRoleC8BF2D67) 
hosting-main-CloudFront-Hosting-Toolkit-test-main |  0/51 | 6:28:53 AM | CREATE_IN_PROGRESS   | AWS::IAM::Role                         | Custom::S3AutoDeleteObjectsCustomResourceProvider/Role (CustomS3AutoDeleteObjectsCustomResourceProviderRole3B1BD092) 
hosting-main-CloudFront-Hosting-Toolkit-test-main |  0/51 | 6:28:53 AM | CREATE_IN_PROGRESS   | AWS::CloudFront::CachePolicy           | Hosting/HostingInfrastructure/DefaultCachePolicy (HostingHostingInfrastructureDefaultCachePolicy266661D2) 
hosting-main-CloudFront-Hosting-Toolkit-test-main |  0/51 | 6:28:53 AM | CREATE_IN_PROGRESS   | AWS::CloudFront::OriginAccessControl   | Hosting/HostingInfrastructure/OAC (HostingHostingInfrastructureOACF290641F) 
hosting-main-CloudFront-Hosting-Toolkit-test-main |  0/51 | 6:28:54 AM | CREATE_IN_PROGRESS   | AWS::Logs::LogGroup                    | Hosting/PipelineInfrastructure/MyLogGroup (HostingPipelineInfrastructureMyLogGroupF5049128) Resource creation Initiated
hosting-main-CloudFront-Hosting-Toolkit-test-main |  0/51 | 6:28:54 AM | CREATE_IN_PROGRESS   | AWS::Logs::LogGroup                    | Hosting/PipelineInfrastructure/UpdateCFF/sfnLog (HostingPipelineInfrastructureUpdateCFFsfnLog3A570214) Resource creation Initiated
hosting-main-CloudFront-Hosting-Toolkit-test-main |  0/51 | 6:28:54 AM | CREATE_IN_PROGRESS   | AWS::CDK::Metadata                     | CDKMetadata/Default (CDKMetadata) Resource creation Initiated
hosting-main-CloudFront-Hosting-Toolkit-test-main |  0/51 | 6:28:54 AM | CREATE_IN_PROGRESS   | AWS::IAM::Role                         | Hosting/PipelineInfrastructure/UpdateCFF/StaticHostingSF/Role (HostingPipelineInfrastructureUpdateCFFStaticHostingSFRoleC8BF2D67) Resource creation Initiated
hosting-main-CloudFront-Hosting-Toolkit-test-main |  0/51 | 6:28:54 AM | CREATE_IN_PROGRESS   | AWS::IAM::Role                         | Hosting/PipelineInfrastructure/Project/Role (HostingPipelineInfrastructureProjectRole0A86D4CE) Resource creation Initiated
hosting-main-CloudFront-Hosting-Toolkit-test-main |  1/51 | 6:28:54 AM | CREATE_COMPLETE      | AWS::CDK::Metadata                     | CDKMetadata/Default (CDKMetadata) 
hosting-main-CloudFront-Hosting-Toolkit-test-main |  1/51 | 6:28:54 AM | CREATE_IN_PROGRESS   | AWS::IAM::Role                         | Hosting/PipelineInfrastructure/UpdateCFF/BasicLambdaRole (HostingPipelineInfrastructureUpdateCFFBasicLambdaRole6E5EC6AE) Resource creation Initiated
hosting-main-CloudFront-Hosting-Toolkit-test-main |  1/51 | 6:28:54 AM | CREATE_IN_PROGRESS   | AWS::IAM::Role                         | Custom::CDKBucketDeployment8693BB64968944B69AAFB0CC9EB8756C/ServiceRole (CustomCDKBucketDeployment8693BB64968944B69AAFB0CC9EB8756CServiceRole89A01265) Resource creation Initiated
hosting-main-CloudFront-Hosting-Toolkit-test-main |  1/51 | 6:28:54 AM | CREATE_IN_PROGRESS   | AWS::CloudFront::CachePolicy           | Hosting/HostingInfrastructure/staticAssetsCachePolicy (HostingHostingInfrastructurestaticAssetsCachePolicy6B67ED12) Resource creation Initiated
hosting-main-CloudFront-Hosting-Toolkit-test-main |  1/51 | 6:28:54 AM | CREATE_IN_PROGRESS   | AWS::S3::Bucket                        | Hosting/PipelineInfrastructure/ArtifactBucket (HostingPipelineInfrastructureArtifactBucket000BDB60) Resource creation Initiated
hosting-main-CloudFront-Hosting-Toolkit-test-main |  1/51 | 6:28:55 AM | CREATE_IN_PROGRESS   | AWS::IAM::Role                         | LogRetentionaae0aa3c5b4d4f87b02d85b201efdd8a/ServiceRole (LogRetentionaae0aa3c5b4d4f87b02d85b201efdd8aServiceRole9741ECFB) Resource creation Initiated
hosting-main-CloudFront-Hosting-Toolkit-test-main |  1/51 | 6:28:55 AM | CREATE_IN_PROGRESS   | AWS::S3::Bucket                        | Hosting/HostingInfrastructure/HostingBucket (HostingHostingInfrastructureHostingBucketBB444313) Resource creation Initiated
hosting-main-CloudFront-Hosting-Toolkit-test-main |  1/51 | 6:28:55 AM | CREATE_IN_PROGRESS   | AWS::CloudFront::CachePolicy           | Hosting/HostingInfrastructure/ImagesCachePolicy (HostingHostingInfrastructureImagesCachePolicyFF009C20) Resource creation Initiated
hosting-main-CloudFront-Hosting-Toolkit-test-main |  1/51 | 6:28:55 AM | CREATE_IN_PROGRESS   | AWS::IAM::Role                         | Custom::S3AutoDeleteObjectsCustomResourceProvider/Role (CustomS3AutoDeleteObjectsCustomResourceProviderRole3B1BD092) Resource creation Initiated
hosting-main-CloudFront-Hosting-Toolkit-test-main |  1/51 | 6:28:55 AM | CREATE_IN_PROGRESS   | AWS::CloudFront::ResponseHeadersPolicy | Hosting/HostingInfrastructure/ResponseHeadersPolicy (HostingHostingInfrastructureResponseHeadersPolicy630F57EC) Resource creation Initiated
hosting-main-CloudFront-Hosting-Toolkit-test-main |  1/51 | 6:28:55 AM | CREATE_IN_PROGRESS   | AWS::CloudFront::OriginAccessControl   | Hosting/HostingInfrastructure/OAC (HostingHostingInfrastructureOACF290641F) Resource creation Initiated
hosting-main-CloudFront-Hosting-Toolkit-test-main |  2/51 | 6:28:55 AM | CREATE_COMPLETE      | AWS::CloudFront::CachePolicy           | Hosting/HostingInfrastructure/staticAssetsCachePolicy (HostingHostingInfrastructurestaticAssetsCachePolicy6B67ED12) 
hosting-main-CloudFront-Hosting-Toolkit-test-main |  3/51 | 6:28:55 AM | CREATE_COMPLETE      | AWS::CloudFront::CachePolicy           | Hosting/HostingInfrastructure/ImagesCachePolicy (HostingHostingInfrastructureImagesCachePolicyFF009C20) 
hosting-main-CloudFront-Hosting-Toolkit-test-main |  4/51 | 6:28:55 AM | CREATE_COMPLETE      | AWS::CloudFront::ResponseHeadersPolicy | Hosting/HostingInfrastructure/ResponseHeadersPolicy (HostingHostingInfrastructureResponseHeadersPolicy630F57EC) 
hosting-main-CloudFront-Hosting-Toolkit-test-main |  5/51 | 6:28:55 AM | CREATE_COMPLETE      | AWS::CloudFront::OriginAccessControl   | Hosting/HostingInfrastructure/OAC (HostingHostingInfrastructureOACF290641F) 
hosting-main-CloudFront-Hosting-Toolkit-test-main |  5/51 | 6:28:56 AM | CREATE_IN_PROGRESS   | AWS::CloudFront::KeyValueStore         | Hosting/UriStore (HostingUriStoreC5D8CAEE) Resource creation Initiated
hosting-main-CloudFront-Hosting-Toolkit-test-main |  5/51 | 6:28:58 AM | CREATE_IN_PROGRESS   | AWS::CloudFront::KeyValueStore         | Hosting/UriStore (HostingUriStoreC5D8CAEE) Eventual consistency check initiated
hosting-main-CloudFront-Hosting-Toolkit-test-main |  5/51 | 6:28:58 AM | CREATE_IN_PROGRESS   | AWS::CloudFront::Function              | Hosting/ChangeUri (HostingChangeUri1A688977) 
hosting-main-CloudFront-Hosting-Toolkit-test-main |  5/51 | 6:28:59 AM | CREATE_IN_PROGRESS   | AWS::CloudFront::CachePolicy           | Hosting/HostingInfrastructure/DefaultCachePolicy (HostingHostingInfrastructureDefaultCachePolicy266661D2) Resource creation Initiated
hosting-main-CloudFront-Hosting-Toolkit-test-main |  6/51 | 6:28:59 AM | CREATE_COMPLETE      | AWS::CloudFront::CachePolicy           | Hosting/HostingInfrastructure/DefaultCachePolicy (HostingHostingInfrastructureDefaultCachePolicy266661D2) 
hosting-main-CloudFront-Hosting-Toolkit-test-main |  7/51 | 6:29:01 AM | CREATE_COMPLETE      | AWS::Logs::LogGroup                    | Hosting/PipelineInfrastructure/MyLogGroup (HostingPipelineInfrastructureMyLogGroupF5049128) 
hosting-main-CloudFront-Hosting-Toolkit-test-main |  8/51 | 6:29:01 AM | CREATE_COMPLETE      | AWS::Logs::LogGroup                    | Hosting/PipelineInfrastructure/UpdateCFF/sfnLog (HostingPipelineInfrastructureUpdateCFFsfnLog3A570214) 
hosting-main-CloudFront-Hosting-Toolkit-test-main |  8/51 | 6:29:01 AM | CREATE_IN_PROGRESS   | AWS::Lambda::LayerVersion              | Hosting/PipelineInfrastructure/InitialPage/AwsCliLayer (HostingPipelineInfrastructureInitialPageAwsCliLayer9A51F97C) Resource creation Initiated
hosting-main-CloudFront-Hosting-Toolkit-test-main |  8/51 | 6:29:01 AM | CREATE_IN_PROGRESS   | AWS::Lambda::LayerVersion              | Hosting/PipelineInfrastructure/UpdateCFF/AwsSdkLayer (HostingPipelineInfrastructureUpdateCFFAwsSdkLayerEA1E386E) Resource creation Initiated
hosting-main-CloudFront-Hosting-Toolkit-test-main |  9/51 | 6:29:01 AM | CREATE_COMPLETE      | AWS::Lambda::LayerVersion              | Hosting/PipelineInfrastructure/InitialPage/AwsCliLayer (HostingPipelineInfrastructureInitialPageAwsCliLayer9A51F97C) 
hosting-main-CloudFront-Hosting-Toolkit-test-main | 10/51 | 6:29:02 AM | CREATE_COMPLETE      | AWS::Lambda::LayerVersion              | Hosting/PipelineInfrastructure/UpdateCFF/AwsSdkLayer (HostingPipelineInfrastructureUpdateCFFAwsSdkLayerEA1E386E) 
hosting-main-CloudFront-Hosting-Toolkit-test-main | 11/51 | 6:29:08 AM | CREATE_COMPLETE      | AWS::S3::Bucket                        | Hosting/PipelineInfrastructure/ArtifactBucket (HostingPipelineInfrastructureArtifactBucket000BDB60) 
hosting-main-CloudFront-Hosting-Toolkit-test-main | 12/51 | 6:29:09 AM | CREATE_COMPLETE      | AWS::S3::Bucket                        | Hosting/HostingInfrastructure/HostingBucket (HostingHostingInfrastructureHostingBucketBB444313) 
hosting-main-CloudFront-Hosting-Toolkit-test-main | 13/51 | 6:29:10 AM | CREATE_COMPLETE      | AWS::IAM::Role                         | Hosting/PipelineInfrastructure/UpdateCFF/StaticHostingSF/Role (HostingPipelineInfrastructureUpdateCFFStaticHostingSFRoleC8BF2D67) 
hosting-main-CloudFront-Hosting-Toolkit-test-main | 14/51 | 6:29:10 AM | CREATE_COMPLETE      | AWS::IAM::Role                         | Hosting/PipelineInfrastructure/Project/Role (HostingPipelineInfrastructureProjectRole0A86D4CE) 
hosting-main-CloudFront-Hosting-Toolkit-test-main | 15/51 | 6:29:10 AM | CREATE_COMPLETE      | AWS::IAM::Role                         | Hosting/PipelineInfrastructure/UpdateCFF/BasicLambdaRole (HostingPipelineInfrastructureUpdateCFFBasicLambdaRole6E5EC6AE) 
hosting-main-CloudFront-Hosting-Toolkit-test-main | 16/51 | 6:29:11 AM | CREATE_COMPLETE      | AWS::IAM::Role                         | Custom::CDKBucketDeployment8693BB64968944B69AAFB0CC9EB8756C/ServiceRole (CustomCDKBucketDeployment8693BB64968944B69AAFB0CC9EB8756CServiceRole89A01265) 
hosting-main-CloudFront-Hosting-Toolkit-test-main | 17/51 | 6:29:11 AM | CREATE_COMPLETE      | AWS::IAM::Role                         | LogRetentionaae0aa3c5b4d4f87b02d85b201efdd8a/ServiceRole (LogRetentionaae0aa3c5b4d4f87b02d85b201efdd8aServiceRole9741ECFB) 
hosting-main-CloudFront-Hosting-Toolkit-test-main | 18/51 | 6:29:11 AM | CREATE_COMPLETE      | AWS::IAM::Role                         | Custom::S3AutoDeleteObjectsCustomResourceProvider/Role (CustomS3AutoDeleteObjectsCustomResourceProviderRole3B1BD092) 
hosting-main-CloudFront-Hosting-Toolkit-test-main | 18/51 | 6:29:11 AM | CREATE_IN_PROGRESS   | AWS::IAM::Policy                       | LogRetentionaae0aa3c5b4d4f87b02d85b201efdd8a/ServiceRole/DefaultPolicy (LogRetentionaae0aa3c5b4d4f87b02d85b201efdd8aServiceRoleDefaultPolicyADDA7DEB) 
hosting-main-CloudFront-Hosting-Toolkit-test-main | 18/51 | 6:29:12 AM | CREATE_IN_PROGRESS   | AWS::IAM::Policy                       | Hosting/PipelineInfrastructure/UpdateCFF/BasicLambdaRole/DefaultPolicy (HostingPipelineInfrastructureUpdateCFFBasicLambdaRoleDefaultPolicy58B6752A) 
hosting-main-CloudFront-Hosting-Toolkit-test-main | 18/51 | 6:29:12 AM | CREATE_IN_PROGRESS   | AWS::IAM::Policy                       | Custom::CDKBucketDeployment8693BB64968944B69AAFB0CC9EB8756C/ServiceRole/DefaultPolicy (CustomCDKBucketDeployment8693BB64968944B69AAFB0CC9EB8756CServiceRoleDefaultPolicy88902FDF) 
hosting-main-CloudFront-Hosting-Toolkit-test-main | 18/51 | 6:29:12 AM | CREATE_IN_PROGRESS   | AWS::CodeBuild::Project                | Hosting/PipelineInfrastructure/Project (HostingPipelineInfrastructureProject873982A1) 
hosting-main-CloudFront-Hosting-Toolkit-test-main | 18/51 | 6:29:12 AM | CREATE_IN_PROGRESS   | AWS::Lambda::Function                  | Custom::S3AutoDeleteObjectsCustomResourceProvider/Handler (CustomS3AutoDeleteObjectsCustomResourceProviderHandler9D90184F) 
hosting-main-CloudFront-Hosting-Toolkit-test-main | 18/51 | 6:29:13 AM | CREATE_IN_PROGRESS   | AWS::CodeBuild::Project                | Hosting/PipelineInfrastructure/Project (HostingPipelineInfrastructureProject873982A1) Resource creation Initiated
hosting-main-CloudFront-Hosting-Toolkit-test-main | 18/51 | 6:29:13 AM | CREATE_IN_PROGRESS   | AWS::IAM::Policy                       | LogRetentionaae0aa3c5b4d4f87b02d85b201efdd8a/ServiceRole/DefaultPolicy (LogRetentionaae0aa3c5b4d4f87b02d85b201efdd8aServiceRoleDefaultPolicyADDA7DEB) Resource creation Initiated
hosting-main-CloudFront-Hosting-Toolkit-test-main | 18/51 | 6:29:13 AM | CREATE_IN_PROGRESS   | AWS::IAM::Policy                       | Hosting/PipelineInfrastructure/UpdateCFF/BasicLambdaRole/DefaultPolicy (HostingPipelineInfrastructureUpdateCFFBasicLambdaRoleDefaultPolicy58B6752A) Resource creation Initiated
hosting-main-CloudFront-Hosting-Toolkit-test-main | 18/51 | 6:29:13 AM | CREATE_IN_PROGRESS   | AWS::Lambda::Function                  | Custom::S3AutoDeleteObjectsCustomResourceProvider/Handler (CustomS3AutoDeleteObjectsCustomResourceProviderHandler9D90184F) Resource creation Initiated
hosting-main-CloudFront-Hosting-Toolkit-test-main | 18/51 | 6:29:13 AM | CREATE_IN_PROGRESS   | AWS::IAM::Policy                       | Custom::CDKBucketDeployment8693BB64968944B69AAFB0CC9EB8756C/ServiceRole/DefaultPolicy (CustomCDKBucketDeployment8693BB64968944B69AAFB0CC9EB8756CServiceRoleDefaultPolicy88902FDF) Resource creation Initiated
hosting-main-CloudFront-Hosting-Toolkit-test-main | 19/51 | 6:29:13 AM | CREATE_COMPLETE      | AWS::CodeBuild::Project                | Hosting/PipelineInfrastructure/Project (HostingPipelineInfrastructureProject873982A1) 
hosting-main-CloudFront-Hosting-Toolkit-test-main | 19/51 | 6:29:14 AM | CREATE_IN_PROGRESS   | AWS::Lambda::Function                  | Custom::S3AutoDeleteObjectsCustomResourceProvider/Handler (CustomS3AutoDeleteObjectsCustomResourceProviderHandler9D90184F) Eventual consistency check initiated
hosting-main-CloudFront-Hosting-Toolkit-test-main | 19/51 | 6:29:15 AM | CREATE_IN_PROGRESS   | AWS::IAM::Policy                       | Hosting/PipelineInfrastructure/Project/Role/DefaultPolicy (HostingPipelineInfrastructureProjectRoleDefaultPolicyC3411297) 
hosting-main-CloudFront-Hosting-Toolkit-test-main | 19/51 | 6:29:16 AM | CREATE_IN_PROGRESS   | AWS::IAM::Policy                       | Hosting/PipelineInfrastructure/Project/Role/DefaultPolicy (HostingPipelineInfrastructureProjectRoleDefaultPolicyC3411297) Resource creation Initiated
hosting-main-CloudFront-Hosting-Toolkit-test-main | 20/51 | 6:29:19 AM | CREATE_COMPLETE      | AWS::Lambda::Function                  | Custom::S3AutoDeleteObjectsCustomResourceProvider/Handler (CustomS3AutoDeleteObjectsCustomResourceProviderHandler9D90184F) 
hosting-main-CloudFront-Hosting-Toolkit-test-main | 21/51 | 6:29:29 AM | CREATE_COMPLETE      | AWS::IAM::Policy                       | LogRetentionaae0aa3c5b4d4f87b02d85b201efdd8a/ServiceRole/DefaultPolicy (LogRetentionaae0aa3c5b4d4f87b02d85b201efdd8aServiceRoleDefaultPolicyADDA7DEB) 
hosting-main-CloudFront-Hosting-Toolkit-test-main | 22/51 | 6:29:29 AM | CREATE_COMPLETE      | AWS::IAM::Policy                       | Custom::CDKBucketDeployment8693BB64968944B69AAFB0CC9EB8756C/ServiceRole/DefaultPolicy (CustomCDKBucketDeployment8693BB64968944B69AAFB0CC9EB8756CServiceRoleDefaultPolicy88902FDF) 
hosting-main-CloudFront-Hosting-Toolkit-test-main | 23/51 | 6:29:29 AM | CREATE_COMPLETE      | AWS::IAM::Policy                       | Hosting/PipelineInfrastructure/UpdateCFF/BasicLambdaRole/DefaultPolicy (HostingPipelineInfrastructureUpdateCFFBasicLambdaRoleDefaultPolicy58B6752A) 
hosting-main-CloudFront-Hosting-Toolkit-test-main | 23/51 | 6:29:30 AM | CREATE_IN_PROGRESS   | AWS::Lambda::Function                  | LogRetentionaae0aa3c5b4d4f87b02d85b201efdd8a (LogRetentionaae0aa3c5b4d4f87b02d85b201efdd8aFD4BFC8A) 
hosting-main-CloudFront-Hosting-Toolkit-test-main | 23/51 | 6:29:31 AM | CREATE_IN_PROGRESS   | AWS::Lambda::Function                  | Custom::CDKBucketDeployment8693BB64968944B69AAFB0CC9EB8756C (CustomCDKBucketDeployment8693BB64968944B69AAFB0CC9EB8756C81C01536) 
hosting-main-CloudFront-Hosting-Toolkit-test-main | 23/51 | 6:29:31 AM | CREATE_IN_PROGRESS   | AWS::Lambda::Function                  | LogRetentionaae0aa3c5b4d4f87b02d85b201efdd8a (LogRetentionaae0aa3c5b4d4f87b02d85b201efdd8aFD4BFC8A) Resource creation Initiated
hosting-main-CloudFront-Hosting-Toolkit-test-main | 24/51 | 6:29:32 AM | CREATE_COMPLETE      | AWS::IAM::Policy                       | Hosting/PipelineInfrastructure/Project/Role/DefaultPolicy (HostingPipelineInfrastructureProjectRoleDefaultPolicyC3411297) 
hosting-main-CloudFront-Hosting-Toolkit-test-main | 24/51 | 6:29:32 AM | CREATE_IN_PROGRESS   | AWS::Lambda::Function                  | LogRetentionaae0aa3c5b4d4f87b02d85b201efdd8a (LogRetentionaae0aa3c5b4d4f87b02d85b201efdd8aFD4BFC8A) Eventual consistency check initiated
hosting-main-CloudFront-Hosting-Toolkit-test-main | 24/51 | 6:29:34 AM | CREATE_IN_PROGRESS   | AWS::Lambda::Function                  | Custom::CDKBucketDeployment8693BB64968944B69AAFB0CC9EB8756C (CustomCDKBucketDeployment8693BB64968944B69AAFB0CC9EB8756C81C01536) Resource creation Initiated
hosting-main-CloudFront-Hosting-Toolkit-test-main | 24/51 | 6:29:35 AM | CREATE_IN_PROGRESS   | AWS::Lambda::Function                  | Custom::CDKBucketDeployment8693BB64968944B69AAFB0CC9EB8756C (CustomCDKBucketDeployment8693BB64968944B69AAFB0CC9EB8756C81C01536) Eventual consistency check initiated
hosting-main-CloudFront-Hosting-Toolkit-test-main | 25/51 | 6:29:37 AM | CREATE_COMPLETE      | AWS::Lambda::Function                  | LogRetentionaae0aa3c5b4d4f87b02d85b201efdd8a (LogRetentionaae0aa3c5b4d4f87b02d85b201efdd8aFD4BFC8A) 
hosting-main-CloudFront-Hosting-Toolkit-test-main | 26/51 | 6:29:40 AM | CREATE_COMPLETE      | AWS::Lambda::Function                  | Custom::CDKBucketDeployment8693BB64968944B69AAFB0CC9EB8756C (CustomCDKBucketDeployment8693BB64968944B69AAFB0CC9EB8756C81C01536) 
hosting-main-CloudFront-Hosting-Toolkit-test-main | 26/51 | 6:29:40 AM | CREATE_IN_PROGRESS   | Custom::CDKBucketDeployment            | Hosting/PipelineInfrastructure/InitialPage/CustomResource/Default (HostingPipelineInfrastructureInitialPageCustomResource34A55526) 
26/51 Currently in progress: hosting-main-CloudFront-Hosting-Toolkit-test-main, HostingUriStoreC5D8CAEE, HostingChangeUri1A688977, HostingPipelineInfrastructureInitialPageCustomResource34A55526
hosting-main-CloudFront-Hosting-Toolkit-test-main | 26/51 | 6:30:26 AM | CREATE_IN_PROGRESS   | Custom::CDKBucketDeployment            | Hosting/PipelineInfrastructure/InitialPage/CustomResource/Default (HostingPipelineInfrastructureInitialPageCustomResource34A55526) Resource creation Initiated
hosting-main-CloudFront-Hosting-Toolkit-test-main | 27/51 | 6:30:26 AM | CREATE_COMPLETE      | Custom::CDKBucketDeployment            | Hosting/PipelineInfrastructure/InitialPage/CustomResource/Default (HostingPipelineInfrastructureInitialPageCustomResource34A55526) 
hosting-main-CloudFront-Hosting-Toolkit-test-main | 27/51 | 6:30:27 AM | CREATE_IN_PROGRESS   | AWS::IAM::Role                         | Hosting/PipelineInfrastructure/MyPipeline/Role (HostingPipelineInfrastructureMyPipelineRoleB18081B5) 
hosting-main-CloudFront-Hosting-Toolkit-test-main | 27/51 | 6:30:27 AM | CREATE_IN_PROGRESS   | AWS::IAM::Role                         | Hosting/PipelineInfrastructure/MyPipeline/ChangeUri/Invoke/CodePipelineActionRole (HostingPipelineInfrastructureMyPipelineChangeUriInvokeCodePipelineActionRole87BB8ADC) 
hosting-main-CloudFront-Hosting-Toolkit-test-main | 27/51 | 6:30:27 AM | CREATE_IN_PROGRESS   | AWS::IAM::Role                         | Hosting/PipelineInfrastructure/MyPipeline/Sources/GitHub-Source-CloudFront-Hosting-Toolkit-test/CodePipelineActionRole (HostingPipelineInfrastructureMyPipelineSourcesGitHubSourceCloudFrontHostingToolkittestCodePipelineActionRole9AD528E1) 
hosting-main-CloudFront-Hosting-Toolkit-test-main | 27/51 | 6:30:27 AM | CREATE_IN_PROGRESS   | AWS::IAM::Role                         | Hosting/PipelineInfrastructure/MyPipeline/Build/Build-And-Copy-to-S3-CloudFront-Hosting-Toolkit-test/CodePipelineActionRole (HostingPipelineInfrastructureMyPipelineBuildBuildAndCopytoS3CloudFrontHostingToolkittestCodePipelineActionRoleA1BCD6D1) 
hosting-main-CloudFront-Hosting-Toolkit-test-main | 28/51 | 6:30:28 AM | CREATE_COMPLETE      | AWS::CloudFront::KeyValueStore         | Hosting/UriStore (HostingUriStoreC5D8CAEE) 
hosting-main-CloudFront-Hosting-Toolkit-test-main | 28/51 | 6:30:28 AM | CREATE_IN_PROGRESS   | AWS::IAM::Role                         | Hosting/PipelineInfrastructure/MyPipeline/Sources/GitHub-Source-CloudFront-Hosting-Toolkit-test/CodePipelineActionRole (HostingPipelineInfrastructureMyPipelineSourcesGitHubSourceCloudFrontHostingToolkittestCodePipelineActionRole9AD528E1) Resource creation Initiated
hosting-main-CloudFront-Hosting-Toolkit-test-main | 28/51 | 6:30:28 AM | CREATE_IN_PROGRESS   | AWS::IAM::Role                         | Hosting/PipelineInfrastructure/MyPipeline/Role (HostingPipelineInfrastructureMyPipelineRoleB18081B5) Resource creation Initiated
hosting-main-CloudFront-Hosting-Toolkit-test-main | 28/51 | 6:30:28 AM | CREATE_IN_PROGRESS   | AWS::IAM::Role                         | Hosting/PipelineInfrastructure/MyPipeline/ChangeUri/Invoke/CodePipelineActionRole (HostingPipelineInfrastructureMyPipelineChangeUriInvokeCodePipelineActionRole87BB8ADC) Resource creation Initiated
hosting-main-CloudFront-Hosting-Toolkit-test-main | 28/51 | 6:30:28 AM | CREATE_IN_PROGRESS   | AWS::IAM::Role                         | Hosting/PipelineInfrastructure/MyPipeline/Build/Build-And-Copy-to-S3-CloudFront-Hosting-Toolkit-test/CodePipelineActionRole (HostingPipelineInfrastructureMyPipelineBuildBuildAndCopytoS3CloudFrontHostingToolkittestCodePipelineActionRoleA1BCD6D1) Resource creation Initiated
hosting-main-CloudFront-Hosting-Toolkit-test-main | 28/51 | 6:30:29 AM | CREATE_IN_PROGRESS   | AWS::Lambda::Function                  | Hosting/PipelineInfrastructure/UpdateCFF/UpdateKvsFunction (HostingPipelineInfrastructureUpdateCFFUpdateKvsFunction85F93F9D) 
hosting-main-CloudFront-Hosting-Toolkit-test-main | 28/51 | 6:30:29 AM | CREATE_IN_PROGRESS   | AWS::Lambda::Function                  | Hosting/PipelineInfrastructure/UpdateCFF/DeleteOldDeployments (HostingPipelineInfrastructureUpdateCFFDeleteOldDeployments1E3F3EDE) 
hosting-main-CloudFront-Hosting-Toolkit-test-main | 28/51 | 6:30:31 AM | CREATE_IN_PROGRESS   | AWS::Lambda::Function                  | Hosting/PipelineInfrastructure/UpdateCFF/DeleteOldDeployments (HostingPipelineInfrastructureUpdateCFFDeleteOldDeployments1E3F3EDE) Resource creation Initiated
hosting-main-CloudFront-Hosting-Toolkit-test-main | 28/51 | 6:30:31 AM | CREATE_IN_PROGRESS   | AWS::CloudFront::Function              | Hosting/ChangeUri (HostingChangeUri1A688977) Resource creation Initiated
hosting-main-CloudFront-Hosting-Toolkit-test-main | 28/51 | 6:30:31 AM | CREATE_IN_PROGRESS   | AWS::Lambda::Function                  | Hosting/PipelineInfrastructure/UpdateCFF/DeleteOldDeployments (HostingPipelineInfrastructureUpdateCFFDeleteOldDeployments1E3F3EDE) Eventual consistency check initiated
hosting-main-CloudFront-Hosting-Toolkit-test-main | 28/51 | 6:30:35 AM | CREATE_IN_PROGRESS   | AWS::Lambda::Function                  | Hosting/PipelineInfrastructure/UpdateCFF/UpdateKvsFunction (HostingPipelineInfrastructureUpdateCFFUpdateKvsFunction85F93F9D) Resource creation Initiated
hosting-main-CloudFront-Hosting-Toolkit-test-main | 28/51 | 6:30:36 AM | CREATE_IN_PROGRESS   | AWS::Lambda::Function                  | Hosting/PipelineInfrastructure/UpdateCFF/UpdateKvsFunction (HostingPipelineInfrastructureUpdateCFFUpdateKvsFunction85F93F9D) Eventual consistency check initiated
hosting-main-CloudFront-Hosting-Toolkit-test-main | 29/51 | 6:30:36 AM | CREATE_COMPLETE      | AWS::Lambda::Function                  | Hosting/PipelineInfrastructure/UpdateCFF/DeleteOldDeployments (HostingPipelineInfrastructureUpdateCFFDeleteOldDeployments1E3F3EDE) 
hosting-main-CloudFront-Hosting-Toolkit-test-main | 29/51 | 6:30:36 AM | CREATE_IN_PROGRESS   | AWS::IAM::Policy                       | Hosting/PipelineInfrastructure/UpdateCFF/StaticHostingSF/Role/DefaultPolicy (HostingPipelineInfrastructureUpdateCFFStaticHostingSFRoleDefaultPolicyE080F905) 
hosting-main-CloudFront-Hosting-Toolkit-test-main | 29/51 | 6:30:37 AM | CREATE_IN_PROGRESS   | Custom::LogRetention                   | Hosting/PipelineInfrastructure/UpdateCFF/DeleteOldDeployments/LogRetention (HostingPipelineInfrastructureUpdateCFFDeleteOldDeploymentsLogRetentionA1B2D84E) 
hosting-main-CloudFront-Hosting-Toolkit-test-main | 29/51 | 6:30:38 AM | CREATE_IN_PROGRESS   | AWS::IAM::Policy                       | Hosting/PipelineInfrastructure/UpdateCFF/StaticHostingSF/Role/DefaultPolicy (HostingPipelineInfrastructureUpdateCFFStaticHostingSFRoleDefaultPolicyE080F905) Resource creation Initiated
hosting-main-CloudFront-Hosting-Toolkit-test-main | 30/51 | 6:30:40 AM | CREATE_COMPLETE      | AWS::CloudFront::Function              | Hosting/ChangeUri (HostingChangeUri1A688977) 
hosting-main-CloudFront-Hosting-Toolkit-test-main | 30/51 | 6:30:40 AM | CREATE_IN_PROGRESS   | Custom::LogRetention                   | Hosting/PipelineInfrastructure/UpdateCFF/DeleteOldDeployments/LogRetention (HostingPipelineInfrastructureUpdateCFFDeleteOldDeploymentsLogRetentionA1B2D84E) Resource creation Initiated
hosting-main-CloudFront-Hosting-Toolkit-test-main | 31/51 | 6:30:40 AM | CREATE_COMPLETE      | Custom::LogRetention                   | Hosting/PipelineInfrastructure/UpdateCFF/DeleteOldDeployments/LogRetention (HostingPipelineInfrastructureUpdateCFFDeleteOldDeploymentsLogRetentionA1B2D84E) 
hosting-main-CloudFront-Hosting-Toolkit-test-main | 32/51 | 6:30:41 AM | CREATE_COMPLETE      | AWS::Lambda::Function                  | Hosting/PipelineInfrastructure/UpdateCFF/UpdateKvsFunction (HostingPipelineInfrastructureUpdateCFFUpdateKvsFunction85F93F9D) 
hosting-main-CloudFront-Hosting-Toolkit-test-main | 32/51 | 6:30:41 AM | CREATE_IN_PROGRESS   | Custom::LogRetention                   | Hosting/PipelineInfrastructure/UpdateCFF/UpdateKvsFunction/LogRetention (HostingPipelineInfrastructureUpdateCFFUpdateKvsFunctionLogRetentionCCFB0174) 
hosting-main-CloudFront-Hosting-Toolkit-test-main | 32/51 | 6:30:43 AM | CREATE_IN_PROGRESS   | AWS::CloudFront::Distribution          | Hosting/HostingInfrastructure/Distribution (HostingHostingInfrastructureDistribution2FE26CAE) 
hosting-main-CloudFront-Hosting-Toolkit-test-main | 32/51 | 6:30:44 AM | CREATE_IN_PROGRESS   | Custom::LogRetention                   | Hosting/PipelineInfrastructure/UpdateCFF/UpdateKvsFunction/LogRetention (HostingPipelineInfrastructureUpdateCFFUpdateKvsFunctionLogRetentionCCFB0174) Resource creation Initiated
hosting-main-CloudFront-Hosting-Toolkit-test-main | 33/51 | 6:30:44 AM | CREATE_COMPLETE      | Custom::LogRetention                   | Hosting/PipelineInfrastructure/UpdateCFF/UpdateKvsFunction/LogRetention (HostingPipelineInfrastructureUpdateCFFUpdateKvsFunctionLogRetentionCCFB0174) 
hosting-main-CloudFront-Hosting-Toolkit-test-main | 34/51 | 6:30:44 AM | CREATE_COMPLETE      | AWS::IAM::Role                         | Hosting/PipelineInfrastructure/MyPipeline/Role (HostingPipelineInfrastructureMyPipelineRoleB18081B5) 
hosting-main-CloudFront-Hosting-Toolkit-test-main | 35/51 | 6:30:44 AM | CREATE_COMPLETE      | AWS::IAM::Role                         | Hosting/PipelineInfrastructure/MyPipeline/ChangeUri/Invoke/CodePipelineActionRole (HostingPipelineInfrastructureMyPipelineChangeUriInvokeCodePipelineActionRole87BB8ADC) 
hosting-main-CloudFront-Hosting-Toolkit-test-main | 36/51 | 6:30:44 AM | CREATE_COMPLETE      | AWS::IAM::Role                         | Hosting/PipelineInfrastructure/MyPipeline/Sources/GitHub-Source-CloudFront-Hosting-Toolkit-test/CodePipelineActionRole (HostingPipelineInfrastructureMyPipelineSourcesGitHubSourceCloudFrontHostingToolkittestCodePipelineActionRole9AD528E1) 
hosting-main-CloudFront-Hosting-Toolkit-test-main | 37/51 | 6:30:44 AM | CREATE_COMPLETE      | AWS::IAM::Role                         | Hosting/PipelineInfrastructure/MyPipeline/Build/Build-And-Copy-to-S3-CloudFront-Hosting-Toolkit-test/CodePipelineActionRole (HostingPipelineInfrastructureMyPipelineBuildBuildAndCopytoS3CloudFrontHostingToolkittestCodePipelineActionRoleA1BCD6D1) 
hosting-main-CloudFront-Hosting-Toolkit-test-main | 37/51 | 6:30:45 AM | CREATE_IN_PROGRESS   | AWS::IAM::Policy                       | Hosting/PipelineInfrastructure/MyPipeline/Sources/GitHub-Source-CloudFront-Hosting-Toolkit-test/CodePipelineActionRole/DefaultPolicy (HostingPipelineInfrastructureMyPipelineSourcesGitHubSourceCloudFrontHostingToolkittestCodePipelineActionRoleDefaultPolicy169931F8) 
hosting-main-CloudFront-Hosting-Toolkit-test-main | 37/51 | 6:30:45 AM | CREATE_IN_PROGRESS   | AWS::IAM::Policy                       | Hosting/PipelineInfrastructure/MyPipeline/Build/Build-And-Copy-to-S3-CloudFront-Hosting-Toolkit-test/CodePipelineActionRole/DefaultPolicy (HostingPipelineInfrastructureMyPipelineBuildBuildAndCopytoS3CloudFrontHostingToolkittestCodePipelineActionRoleDefaultPolicyD5CD1711) 
hosting-main-CloudFront-Hosting-Toolkit-test-main | 37/51 | 6:30:45 AM | CREATE_IN_PROGRESS   | AWS::S3::BucketPolicy                  | Hosting/PipelineInfrastructure/ArtifactBucket/Policy (HostingPipelineInfrastructureArtifactBucketPolicy55FE49F0) 
hosting-main-CloudFront-Hosting-Toolkit-test-main | 37/51 | 6:30:46 AM | CREATE_IN_PROGRESS   | AWS::IAM::Policy                       | Hosting/PipelineInfrastructure/MyPipeline/Sources/GitHub-Source-CloudFront-Hosting-Toolkit-test/CodePipelineActionRole/DefaultPolicy (HostingPipelineInfrastructureMyPipelineSourcesGitHubSourceCloudFrontHostingToolkittestCodePipelineActionRoleDefaultPolicy169931F8) Resource creation Initiated
hosting-main-CloudFront-Hosting-Toolkit-test-main | 37/51 | 6:30:46 AM | CREATE_IN_PROGRESS   | AWS::IAM::Policy                       | Hosting/PipelineInfrastructure/MyPipeline/Build/Build-And-Copy-to-S3-CloudFront-Hosting-Toolkit-test/CodePipelineActionRole/DefaultPolicy (HostingPipelineInfrastructureMyPipelineBuildBuildAndCopytoS3CloudFrontHostingToolkittestCodePipelineActionRoleDefaultPolicyD5CD1711) Resource creation Initiated
hosting-main-CloudFront-Hosting-Toolkit-test-main | 37/51 | 6:30:47 AM | CREATE_IN_PROGRESS   | AWS::S3::BucketPolicy                  | Hosting/PipelineInfrastructure/ArtifactBucket/Policy (HostingPipelineInfrastructureArtifactBucketPolicy55FE49F0) Resource creation Initiated
hosting-main-CloudFront-Hosting-Toolkit-test-main | 37/51 | 6:30:47 AM | CREATE_IN_PROGRESS   | AWS::CloudFront::Distribution          | Hosting/HostingInfrastructure/Distribution (HostingHostingInfrastructureDistribution2FE26CAE) Resource creation Initiated
hosting-main-CloudFront-Hosting-Toolkit-test-main | 37/51 | 6:30:47 AM | CREATE_IN_PROGRESS   | AWS::IAM::Policy                       | Hosting/PipelineInfrastructure/MyPipeline/Role/DefaultPolicy (HostingPipelineInfrastructureMyPipelineRoleDefaultPolicy804931F0) 
hosting-main-CloudFront-Hosting-Toolkit-test-main | 38/51 | 6:30:47 AM | CREATE_COMPLETE      | AWS::S3::BucketPolicy                  | Hosting/PipelineInfrastructure/ArtifactBucket/Policy (HostingPipelineInfrastructureArtifactBucketPolicy55FE49F0) 
hosting-main-CloudFront-Hosting-Toolkit-test-main | 38/51 | 6:30:48 AM | CREATE_IN_PROGRESS   | Custom::S3AutoDeleteObjects            | Hosting/PipelineInfrastructure/ArtifactBucket/AutoDeleteObjectsCustomResource/Default (HostingPipelineInfrastructureArtifactBucketAutoDeleteObjectsCustomResource8CA26117) 
hosting-main-CloudFront-Hosting-Toolkit-test-main | 38/51 | 6:30:48 AM | CREATE_IN_PROGRESS   | AWS::CloudFront::Distribution          | Hosting/HostingInfrastructure/Distribution (HostingHostingInfrastructureDistribution2FE26CAE) Eventual consistency check initiated
hosting-main-CloudFront-Hosting-Toolkit-test-main | 38/51 | 6:30:49 AM | CREATE_IN_PROGRESS   | AWS::S3::BucketPolicy                  | Hosting/HostingInfrastructure/HostingBucket/Policy (HostingHostingInfrastructureHostingBucketPolicy905DD8E2) 
hosting-main-CloudFront-Hosting-Toolkit-test-main | 38/51 | 6:30:49 AM | CREATE_IN_PROGRESS   | AWS::SSM::Parameter                    | Hosting/HostingInfrastructure/SSMConnectionRegion (HostingHostingInfrastructureSSMConnectionRegionA72A0577) 
hosting-main-CloudFront-Hosting-Toolkit-test-main | 38/51 | 6:30:49 AM | CREATE_IN_PROGRESS   | AWS::IAM::Policy                       | Hosting/PipelineInfrastructure/MyPipeline/Role/DefaultPolicy (HostingPipelineInfrastructureMyPipelineRoleDefaultPolicy804931F0) Resource creation Initiated
hosting-main-CloudFront-Hosting-Toolkit-test-main | 38/51 | 6:30:50 AM | CREATE_IN_PROGRESS   | AWS::SSM::Parameter                    | Hosting/HostingInfrastructure/SSMConnectionRegion (HostingHostingInfrastructureSSMConnectionRegionA72A0577) Resource creation Initiated
hosting-main-CloudFront-Hosting-Toolkit-test-main | 39/51 | 6:30:50 AM | CREATE_COMPLETE      | AWS::SSM::Parameter                    | Hosting/HostingInfrastructure/SSMConnectionRegion (HostingHostingInfrastructureSSMConnectionRegionA72A0577) 
hosting-main-CloudFront-Hosting-Toolkit-test-main | 39/51 | 6:30:50 AM | CREATE_IN_PROGRESS   | AWS::S3::BucketPolicy                  | Hosting/HostingInfrastructure/HostingBucket/Policy (HostingHostingInfrastructureHostingBucketPolicy905DD8E2) Resource creation Initiated
hosting-main-CloudFront-Hosting-Toolkit-test-main | 40/51 | 6:30:51 AM | CREATE_COMPLETE      | AWS::S3::BucketPolicy                  | Hosting/HostingInfrastructure/HostingBucket/Policy (HostingHostingInfrastructureHostingBucketPolicy905DD8E2) 
hosting-main-CloudFront-Hosting-Toolkit-test-main | 40/51 | 6:30:51 AM | CREATE_IN_PROGRESS   | Custom::S3AutoDeleteObjects            | Hosting/PipelineInfrastructure/ArtifactBucket/AutoDeleteObjectsCustomResource/Default (HostingPipelineInfrastructureArtifactBucketAutoDeleteObjectsCustomResource8CA26117) Resource creation Initiated
hosting-main-CloudFront-Hosting-Toolkit-test-main | 41/51 | 6:30:51 AM | CREATE_COMPLETE      | Custom::S3AutoDeleteObjects            | Hosting/PipelineInfrastructure/ArtifactBucket/AutoDeleteObjectsCustomResource/Default (HostingPipelineInfrastructureArtifactBucketAutoDeleteObjectsCustomResource8CA26117) 
hosting-main-CloudFront-Hosting-Toolkit-test-main | 42/51 | 6:30:54 AM | CREATE_COMPLETE      | AWS::IAM::Policy                       | Hosting/PipelineInfrastructure/UpdateCFF/StaticHostingSF/Role/DefaultPolicy (HostingPipelineInfrastructureUpdateCFFStaticHostingSFRoleDefaultPolicyE080F905) 
hosting-main-CloudFront-Hosting-Toolkit-test-main | 42/51 | 6:30:56 AM | CREATE_IN_PROGRESS   | AWS::StepFunctions::StateMachine       | Hosting/PipelineInfrastructure/UpdateCFF/StaticHostingSF (HostingPipelineInfrastructureUpdateCFFStaticHostingSF1C3F6163) 
hosting-main-CloudFront-Hosting-Toolkit-test-main | 42/51 | 6:30:57 AM | CREATE_IN_PROGRESS   | AWS::StepFunctions::StateMachine       | Hosting/PipelineInfrastructure/UpdateCFF/StaticHostingSF (HostingPipelineInfrastructureUpdateCFFStaticHostingSF1C3F6163) Resource creation Initiated
hosting-main-CloudFront-Hosting-Toolkit-test-main | 43/51 | 6:30:57 AM | CREATE_COMPLETE      | AWS::StepFunctions::StateMachine       | Hosting/PipelineInfrastructure/UpdateCFF/StaticHostingSF (HostingPipelineInfrastructureUpdateCFFStaticHostingSF1C3F6163) 
hosting-main-CloudFront-Hosting-Toolkit-test-main | 43/51 | 6:30:58 AM | CREATE_IN_PROGRESS   | AWS::IAM::Policy                       | Hosting/PipelineInfrastructure/MyPipeline/ChangeUri/Invoke/CodePipelineActionRole/DefaultPolicy (HostingPipelineInfrastructureMyPipelineChangeUriInvokeCodePipelineActionRoleDefaultPolicyE3E98FC9) 
hosting-main-CloudFront-Hosting-Toolkit-test-main | 43/51 | 6:30:59 AM | CREATE_IN_PROGRESS   | AWS::IAM::Policy                       | Hosting/PipelineInfrastructure/MyPipeline/ChangeUri/Invoke/CodePipelineActionRole/DefaultPolicy (HostingPipelineInfrastructureMyPipelineChangeUriInvokeCodePipelineActionRoleDefaultPolicyE3E98FC9) Resource creation Initiated
hosting-main-CloudFront-Hosting-Toolkit-test-main | 44/51 | 6:31:02 AM | CREATE_COMPLETE      | AWS::IAM::Policy                       | Hosting/PipelineInfrastructure/MyPipeline/Sources/GitHub-Source-CloudFront-Hosting-Toolkit-test/CodePipelineActionRole/DefaultPolicy (HostingPipelineInfrastructureMyPipelineSourcesGitHubSourceCloudFrontHostingToolkittestCodePipelineActionRoleDefaultPolicy169931F8) 
hosting-main-CloudFront-Hosting-Toolkit-test-main | 45/51 | 6:31:02 AM | CREATE_COMPLETE      | AWS::IAM::Policy                       | Hosting/PipelineInfrastructure/MyPipeline/Build/Build-And-Copy-to-S3-CloudFront-Hosting-Toolkit-test/CodePipelineActionRole/DefaultPolicy (HostingPipelineInfrastructureMyPipelineBuildBuildAndCopytoS3CloudFrontHostingToolkittestCodePipelineActionRoleDefaultPolicyD5CD1711) 
hosting-main-CloudFront-Hosting-Toolkit-test-main | 46/51 | 6:31:05 AM | CREATE_COMPLETE      | AWS::IAM::Policy                       | Hosting/PipelineInfrastructure/MyPipeline/Role/DefaultPolicy (HostingPipelineInfrastructureMyPipelineRoleDefaultPolicy804931F0) 
hosting-main-CloudFront-Hosting-Toolkit-test-main | 46/51 | 6:31:05 AM | CREATE_IN_PROGRESS   | AWS::CodePipeline::Pipeline            | Hosting/PipelineInfrastructure/MyPipeline (HostingPipelineInfrastructureMyPipelineFC5FDDD0) 
hosting-main-CloudFront-Hosting-Toolkit-test-main | 46/51 | 6:31:07 AM | CREATE_IN_PROGRESS   | AWS::CodePipeline::Pipeline            | Hosting/PipelineInfrastructure/MyPipeline (HostingPipelineInfrastructureMyPipelineFC5FDDD0) Resource creation Initiated
hosting-main-CloudFront-Hosting-Toolkit-test-main | 47/51 | 6:31:08 AM | CREATE_COMPLETE      | AWS::CodePipeline::Pipeline            | Hosting/PipelineInfrastructure/MyPipeline (HostingPipelineInfrastructureMyPipelineFC5FDDD0) 
hosting-main-CloudFront-Hosting-Toolkit-test-main | 47/51 | 6:31:08 AM | CREATE_IN_PROGRESS   | AWS::SSM::Parameter                    | Hosting/PipelineInfrastructure/SSMPipelineName (HostingPipelineInfrastructureSSMPipelineName8B6DD00A) 
hosting-main-CloudFront-Hosting-Toolkit-test-main | 47/51 | 6:31:09 AM | CREATE_IN_PROGRESS   | AWS::SSM::Parameter                    | Hosting/PipelineInfrastructure/SSMPipelineName (HostingPipelineInfrastructureSSMPipelineName8B6DD00A) Resource creation Initiated
hosting-main-CloudFront-Hosting-Toolkit-test-main | 48/51 | 6:31:10 AM | CREATE_COMPLETE      | AWS::SSM::Parameter                    | Hosting/PipelineInfrastructure/SSMPipelineName (HostingPipelineInfrastructureSSMPipelineName8B6DD00A) 
hosting-main-CloudFront-Hosting-Toolkit-test-main | 49/51 | 6:31:15 AM | CREATE_COMPLETE      | AWS::IAM::Policy                       | Hosting/PipelineInfrastructure/MyPipeline/ChangeUri/Invoke/CodePipelineActionRole/DefaultPolicy (HostingPipelineInfrastructureMyPipelineChangeUriInvokeCodePipelineActionRoleDefaultPolicyE3E98FC9) 
49/51 Currently in progress: hosting-main-CloudFront-Hosting-Toolkit-test-main, HostingHostingInfrastructureDistribution2FE26CAE
hosting-main-CloudFront-Hosting-Toolkit-test-main | 50/51 | 6:34:53 AM | CREATE_COMPLETE      | AWS::CloudFront::Distribution          | Hosting/HostingInfrastructure/Distribution (HostingHostingInfrastructureDistribution2FE26CAE) 
hosting-main-CloudFront-Hosting-Toolkit-test-main | 51/51 | 6:34:55 AM | CREATE_COMPLETE      | AWS::CloudFormation::Stack             | hosting-main-CloudFront-Hosting-Toolkit-test-main 

 ✅  hosting-main-CloudFront-Hosting-Toolkit-test-main

✨  Deployment time: 380.52s

Outputs:
hosting-main-CloudFront-Hosting-Toolkit-test-main.HostingHostingInfrastructureDomainNameF9962E64 = https://d1kdyzqi90gvav.cloudfront.net
hosting-main-CloudFront-Hosting-Toolkit-test-main.HostingPipelineInfrastructurePipelineNameC86AA64C = yumaru917-CloudFront-Hosting-Toolkit-test
Stack ARN:

✨  Total time: 382.8s

arn:aws:cloudformation:ap-northeast-1:425106470085:stack/hosting-main-CloudFront-Hosting-Toolkit-test-main/f7d04cf0-44ce-11ef-ae3e-0a62839f3629

